[[32minfo[39m] 17:22:27:350 ----------------------------------------------------
[[32minfo[39m] 17:22:27:352 API server made by J. Diego Sierra
[[32minfo[39m] 17:22:27:352 Current environment: development
[[32minfo[39m] 17:22:27:352 Application is running on: 3000
[[32minfo[39m] 17:26:15:752 ----------------------------------------------------
[[32minfo[39m] 17:26:15:754 API server made by J. Diego Sierra
[[32minfo[39m] 17:26:15:754 Current environment: development
[[32minfo[39m] 17:26:15:754 Application is running on: 3000
[[32minfo[39m] 17:35:19:825 ----------------------------------------------------
[[32minfo[39m] 17:35:19:826 API server made by J. Diego Sierra
[[32minfo[39m] 17:35:19:826 Current environment: development
[[32minfo[39m] 17:35:19:827 Application is running on: 3000
[[32minfo[39m] 17:59:31:106 ----------------------------------------------------
[[32minfo[39m] 17:59:31:107 API server made by J. Diego Sierra
[[32minfo[39m] 17:59:31:107 Current environment: development
[[32minfo[39m] 17:59:31:108 Application is running on: 3000
[[32minfo[39m] [undefined] 18:00:28:934 ----------------------------------------------------
[[32minfo[39m] [undefined] 18:00:28:936 API server made by J. Diego Sierra
[[32minfo[39m] [undefined] 18:00:28:936 Current environment: development
[[32minfo[39m] [undefined] 18:00:28:937 Application is running on: 3000
[[32minfo[39m] [right meow!] 18:01:28:503 ----------------------------------------------------
[[32minfo[39m] [right meow!] 18:01:28:505 API server made by J. Diego Sierra
[[32minfo[39m] [right meow!] 18:01:28:505 Current environment: development
[[32minfo[39m] [right meow!] 18:01:28:506 Application is running on: 3000
[[32minfo[39m] [right meow!] 18:08:46:037 ----------------------------------------------------
[[32minfo[39m] [right guau!] 18:08:46:038 API server made by J. Diego Sierra
[[32minfo[39m] [right guau!] 18:08:46:039 Current environment: development
[[32minfo[39m] [right guau!] 18:08:46:039 Application is running on: 3000
[[32minfo[39m] [right meow!] 18:09:00:013 ----------------------------------------------------
[[32minfo[39m] [right meow!] 18:09:00:015 API server made by J. Diego Sierra
[[32minfo[39m] [right meow!] 18:09:00:015 Current environment: development
[[32minfo[39m] [right meow!] 18:09:00:016 Application is running on: 3000
[[32minfo[39m] [right meow!] 18:11:15:942 ----------------------------------------------------
[[32minfo[39m] [right meow!] 18:11:15:944 API server made by J. Diego Sierra
[[32minfo[39m] [right meow!] 18:11:15:944 Current environment: development
[[32minfo[39m] [right meow!] 18:11:15:944 Application is running on: 3000
[[32minfo[39m] [right meow!] 18:11:51:587 ----------------------------------------------------
[[32minfo[39m] [right meow!] 18:11:51:589 API server made by J. Diego Sierra
[[32minfo[39m] [right meow!] 18:11:51:589 Current environment: development
[[32minfo[39m] [right meow!] 18:11:51:589 Application is running on: 3000
[[32minfo[39m] [right meow!] 18:11:52:687 ----------------------------------------------------
[[32minfo[39m] [right meow!] 18:11:52:689 API server made by J. Diego Sierra
[[32minfo[39m] [right meow!] 18:11:52:689 Current environment: development
[[32minfo[39m] [right meow!] 18:11:52:689 Application is running on: 3000
[[32minfo[39m] [right meow!] 18:12:48:950 ----------------------------------------------------
[[32minfo[39m] [right meow!] 18:12:48:951 API server made by J. Diego Sierra
[[32minfo[39m] [right meow!] 18:12:48:951 Current environment: development
[[32minfo[39m] [right meow!] 18:12:48:952 Application is running on: 3000
[[32minfo[39m] [right meow!] 18:24:21:896 ----------------------------------------------------
[[32minfo[39m] [right meow!] 18:24:21:898 API server made by J. Diego Sierra
[[32minfo[39m] [right meow!] 18:24:21:898 Current environment: development
[[32minfo[39m] [right meow!] 18:24:21:898 Application is running on: 3000
[[32minfo[39m] [right meow!] 19:40:57:805 ----------------------------------------------------
[[32minfo[39m] [right meow!] 19:40:57:806 API server made by J. Diego Sierra
[[32minfo[39m] [right meow!] 19:40:57:807 Current environment: development
[[32minfo[39m] [right meow!] 19:40:57:807 Application is running on: 3000
[[32minfo[39m] [right meow!] 19:53:37:914 ----------------------------------------------------
[[32minfo[39m] [right meow!] 19:53:37:915 API server made by J. Diego Sierra
[[32minfo[39m] [right meow!] 19:53:37:915 Current environment: development
[[32minfo[39m] [right meow!] 19:53:37:916 Application is running on: 3000
[[32minfo[39m] [right meow!] 19:57:03:884 ----------------------------------------------------
[[32minfo[39m] [right meow!] 19:57:03:885 API server made by J. Diego Sierra
[[32minfo[39m] [right meow!] 19:57:03:886 Current environment: development
[[32minfo[39m] [right meow!] 19:57:03:886 Application is running on: 3000
[[32minfo[39m] [right meow!] 21:13:44:100 ----------------------------------------------------
[[32minfo[39m] [right meow!] 21:13:44:102 API server made by J. Diego Sierra
[[32minfo[39m] [right meow!] 21:13:44:102 Current environment: development
[[32minfo[39m] [right meow!] 21:13:44:102 Application is running on: 3000
[[32minfo[39m] [right meow!] 21:16:49:834 ----------------------------------------------------
[[32minfo[39m] [right meow!] 21:16:49:835 API server made by J. Diego Sierra
[[32minfo[39m] [right meow!] 21:16:49:836 Current environment: development
[[32minfo[39m] [right meow!] 21:16:49:836 Application is running on: 3000
[[32minfo[39m] [right meow!] 21:17:12:106 ----------------------------------------------------
[[32minfo[39m] [right meow!] 21:17:12:107 API server made by J. Diego Sierra
[[32minfo[39m] [right meow!] 21:17:12:107 Current environment: development
[[32minfo[39m] [right meow!] 21:17:12:108 Application is running on: 3000
[[32minfo[39m] [right meow!] 21:17:23:387 ----------------------------------------------------
[[32minfo[39m] [right meow!] 21:17:23:389 API server made by J. Diego Sierra
[[32minfo[39m] [right meow!] 21:17:23:389 Current environment: development
[[32minfo[39m] [right meow!] 21:17:23:389 Application is running on: 3000
[[32minfo[39m] [right meow!] 21:17:48:898 ----------------------------------------------------
[[32minfo[39m] [right meow!] 21:17:48:900 API server made by J. Diego Sierra
[[32minfo[39m] [right meow!] 21:17:48:900 Current environment: development
[[32minfo[39m] [right meow!] 21:17:48:900 Application is running on: 3000
[[32minfo[39m] [right meow!] 21:17:57:935 API server made by J. Diego Sierra
[[32minfo[39m] [right meow!] 21:17:57:937 Current environment: development
[[32minfo[39m] [right meow!] 21:17:57:937 Application is running on: 3000
